<?xml version="1.0" encoding="UTF-8"?>
<testng-results ignored="0" total="1" passed="1" failed="0" skipped="0">
  <reporter-output>
  </reporter-output>
  <suite started-at="2022-12-12T12:30:05 EST" name="Failed suite [OpenCartSuite]" finished-at="2022-12-12T12:30:57 EST" duration-ms="51951">
    <groups>
      <group name="Master">
        <method signature="TC_002_LoginTest.TestLogin()[pri:0, instance:testCases.TC_002_LoginTest@79e2c065]" name="TestLogin" class="testCases.TC_002_LoginTest"/>
      </group> <!-- Master -->
      <group name="Sanity">
        <method signature="TC_002_LoginTest.TestLogin()[pri:0, instance:testCases.TC_002_LoginTest@79e2c065]" name="TestLogin" class="testCases.TC_002_LoginTest"/>
      </group> <!-- Sanity -->
    </groups>
    <test started-at="2022-12-12T12:30:05 EST" name="OpenCartTest(failed)" finished-at="2022-12-12T12:30:57 EST" duration-ms="51951">
      <class name="testCases.TC_002_LoginTest">
        <test-method is-config="true" signature="setUp(java.lang.String)[pri:0, instance:testCases.TC_002_LoginTest@79e2c065]" started-at="2022-12-12T12:30:05 EST" name="setUp" finished-at="2022-12-12T12:30:21 EST" duration-ms="16187" status="PASS">
          <params>
            <param index="0">
              <value>
                <![CDATA[chrome]]>
              </value>
            </param>
          </params>
          <reporter-output>
          </reporter-output>
        </test-method> <!-- setUp -->
        <test-method signature="TestLogin()[pri:0, instance:testCases.TC_002_LoginTest@79e2c065]" started-at="2022-12-12T12:30:22 EST" name="TestLogin" finished-at="2022-12-12T12:30:55 EST" duration-ms="33286" status="PASS">
          <reporter-output>
          </reporter-output>
        </test-method> <!-- TestLogin -->
        <test-method is-config="true" signature="tearDown()[pri:0, instance:testCases.TC_002_LoginTest@79e2c065]" started-at="2022-12-12T12:30:55 EST" name="tearDown" finished-at="2022-12-12T12:30:57 EST" duration-ms="1971" status="PASS">
          <reporter-output>
          </reporter-output>
        </test-method> <!-- tearDown -->
      </class> <!-- testCases.TC_002_LoginTest -->
    </test> <!-- OpenCartTest(failed) -->
  </suite> <!-- Failed suite [OpenCartSuite] -->
</testng-results>
